2019-01-10 07:39:34,395 - INFO - App started
2019-01-10 07:39:34,472 - INFO - Plot started
2019-01-10 07:39:38,519 - INFO - Flick detected
2019-01-10 07:39:47,535 - INFO - Flick detected
2019-01-10 07:40:00,556 - INFO - Flick detected
2019-01-10 07:40:20,783 - INFO - Flick detected
2019-01-10 07:40:27,856 - INFO - Flick detected
2019-01-10 07:41:07,999 - INFO - Plot stopped
2019-01-10 07:41:19,485 - INFO - Save started
2019-01-10 07:41:40,202 - INFO - Flick detected
2019-01-10 07:42:11,612 - INFO - Flick detected
2019-01-10 07:42:16,777 - INFO - Flick detected
2019-01-10 07:42:21,026 - INFO - Flick detected
2019-01-10 07:42:34,727 - INFO - Flick detected
2019-01-10 07:42:55,283 - INFO - Flick detected
2019-01-10 07:57:04,653 - INFO - Flick detected
2019-01-10 08:01:10,935 - INFO - Flick detected
2019-01-10 08:01:38,951 - INFO - Flick detected
2019-01-10 08:01:43,435 - INFO - Flick detected
2019-01-10 08:02:03,650 - INFO - Flick detected
2019-01-10 08:33:54,396 - INFO - Flick detected
2019-01-10 08:48:24,544 - INFO - Flick detected
2019-01-10 08:48:53,281 - INFO - Flick detected
2019-01-10 08:50:27,241 - INFO - Flick detected
2019-01-10 08:50:51,444 - INFO - Flick detected
2019-01-10 08:55:26,189 - INFO - Flick detected
2019-01-10 08:55:54,158 - INFO - Flick detected
2019-01-10 08:55:59,004 - INFO - Flick detected
2019-01-10 08:56:09,604 - INFO - Flick detected
2019-01-10 08:56:14,056 - INFO - Plot started
2019-01-10 08:56:19,345 - INFO - Plot stopped
2019-01-10 08:56:22,622 - INFO - Save stopped
2019-01-10 08:56:38,690 - INFO - Flick detected
